<?xml version="1.0" encoding="UTF-8"?>
<!-- Generated by org.testng.reporters.JUnitReportReporter -->
<testsuite skipped="0" hostname="VRRNKSD" name="listenerDelete.TestListener" tests="1" failures="0" timestamp="05 Jan 2018 07:50:14 GMT" time="0.048" errors="0">
  <testcase name="testA" time="0.048" classname="listenerDelete.TestListener"/>
</testsuite> <!-- listenerDelete.TestListener -->
